Arguments: 
  C:\Program Files\nodejs\node.exe C:\Users\wulla\AppData\Roaming\npm\node_modules\yarn\bin\yarn.js add webpack webpack-cli

PATH: 
  C:/Users/wulla/.local/share/gem/ruby/3.2.0/bin;C:\Users\wulla\bin;C:\Program Files\Git\mingw64\bin;C:\Program Files\Git\usr\local\bin;C:\Program Files\Git\usr\bin;C:\Program Files\Common Files\Oracle\Java\javapath;C:\Ruby32-x64\bin;C:\WINDOWS\system32;C:\WINDOWS;C:\WINDOWS\System32\Wbem;C:\WINDOWS\System32\WindowsPowerShell\v1.0;C:\WINDOWS\System32\OpenSSH;C:\Program Files\Git\cmd;C:\Program Files\nodejs;C:\ProgramData\chocolatey\bin;C:\xampp\php;C:\ProgramData\ComposerSetup\bin;C:\Program Files\dotnet;C:\Users\wulla\AppData\Local\Microsoft\WindowsApps;C:\Users\wulla\AppData\Local\Programs\Microsoft VS Code\bin;C:\Users\wulla\AppData\Roaming\npm;C:\ProgramData\chocolatey\lib\jq\tools;C:\Program Files\PostgreSQL\15\bin;C:\Program Files\JetBrains\PyCharm Community Edition 2023.1\bin;C:\Program Files\Git\usr\bin\vendor_perl;C:\Program Files\Git\usr\bin\core_perl

Yarn version: 
  1.22.19

Node version: 
  18.12.1

Platform: 
  win32 x64

Trace: 
  Error: read ECONNRESET
      at TLSWrap.onStreamRead (node:internal/stream_base_commons:217:20)

npm manifest: 
  {
    "name": "app",
    "private": "true"
  }

yarn manifest: 
  No manifest

Lockfile: 
  No lockfile
